<?xml version="1.0" encoding="UTF-8"?>
<!-- Generated by org.testng.reporters.JUnitReportReporter -->
<testsuite skipped="0" hostname="DLDA1809" name="com.qa.project.ddm.driver.DriverFactory" tests="1" failures="0" timestamp="12 Feb 2018 09:18:39 GMT" time="6.037" errors="0">
  <testcase name="init" time="6.037" classname="com.qa.project.ddm.driver.DriverFactory"/>
</testsuite> <!-- com.qa.project.ddm.driver.DriverFactory -->
